INFO [2017-05-12 13:18:24] $x
INFO [2017-05-12 13:18:24] as.list(data)
INFO [2017-05-12 13:18:24] 
INFO [2017-05-12 13:18:24] $filename
INFO [2017-05-12 13:18:24] outfile
INFO [2017-05-12 13:18:24] 
INFO [2017-05-12 13:18:24] $height
INFO [2017-05-12 13:18:24] [1] 1000
INFO [2017-05-12 13:18:24] 
INFO [2017-05-12 13:18:24] $width
INFO [2017-05-12 13:18:24] [1] 1000
INFO [2017-05-12 13:18:24] 
INFO [2017-05-12 13:18:24] $fill
INFO [2017-05-12 13:18:24] rainbow(length(data))
INFO [2017-05-12 13:18:24] 
INFO [2017-05-12 13:18:24] $imagetype
INFO [2017-05-12 13:18:24] [1] "png"
INFO [2017-05-12 13:18:24] 
INFO [2017-05-12 13:18:24] $margin
INFO [2017-05-12 13:18:24] [1] 0.2
INFO [2017-05-12 13:18:24] 
INFO [2017-05-12 13:18:24] $resolution
INFO [2017-05-12 13:18:24] [1] 150
INFO [2017-05-12 13:18:24] 
INFO [2017-05-12 13:18:24] [[9]]
INFO [2017-05-12 13:18:24] 
INFO [2017-05-12 13:18:24] 
