INFO [2017-05-10 19:40:28] $x
INFO [2017-05-10 19:40:28] as.list(data)
INFO [2017-05-10 19:40:28] 
INFO [2017-05-10 19:40:28] $filename
INFO [2017-05-10 19:40:28] outfile
INFO [2017-05-10 19:40:28] 
INFO [2017-05-10 19:40:28] $height
INFO [2017-05-10 19:40:28] [1] 1000
INFO [2017-05-10 19:40:28] 
INFO [2017-05-10 19:40:28] $width
INFO [2017-05-10 19:40:28] [1] 1000
INFO [2017-05-10 19:40:28] 
INFO [2017-05-10 19:40:28] $fill
INFO [2017-05-10 19:40:28] rainbow(length(data))
INFO [2017-05-10 19:40:28] 
INFO [2017-05-10 19:40:28] $imagetype
INFO [2017-05-10 19:40:28] [1] "png"
INFO [2017-05-10 19:40:28] 
INFO [2017-05-10 19:40:28] $margin
INFO [2017-05-10 19:40:28] [1] 0.2
INFO [2017-05-10 19:40:28] 
INFO [2017-05-10 19:40:28] $resolution
INFO [2017-05-10 19:40:28] [1] 150
INFO [2017-05-10 19:40:28] 
INFO [2017-05-10 19:40:28] [[9]]
INFO [2017-05-10 19:40:28] 
INFO [2017-05-10 19:40:28] 
