INFO [2017-05-10 20:36:26] $x
INFO [2017-05-10 20:36:26] as.list(data)
INFO [2017-05-10 20:36:26] 
INFO [2017-05-10 20:36:26] $filename
INFO [2017-05-10 20:36:26] outfile
INFO [2017-05-10 20:36:26] 
INFO [2017-05-10 20:36:26] $height
INFO [2017-05-10 20:36:26] [1] 1000
INFO [2017-05-10 20:36:26] 
INFO [2017-05-10 20:36:26] $width
INFO [2017-05-10 20:36:26] [1] 1000
INFO [2017-05-10 20:36:26] 
INFO [2017-05-10 20:36:26] $fill
INFO [2017-05-10 20:36:26] rainbow(length(data))
INFO [2017-05-10 20:36:26] 
INFO [2017-05-10 20:36:26] $imagetype
INFO [2017-05-10 20:36:26] [1] "png"
INFO [2017-05-10 20:36:26] 
INFO [2017-05-10 20:36:26] $margin
INFO [2017-05-10 20:36:26] [1] 0.2
INFO [2017-05-10 20:36:26] 
INFO [2017-05-10 20:36:26] $resolution
INFO [2017-05-10 20:36:26] [1] 150
INFO [2017-05-10 20:36:26] 
INFO [2017-05-10 20:36:26] [[9]]
INFO [2017-05-10 20:36:26] 
INFO [2017-05-10 20:36:26] 
