INFO [2017-05-10 19:40:48] $x
INFO [2017-05-10 19:40:48] as.list(data)
INFO [2017-05-10 19:40:48] 
INFO [2017-05-10 19:40:48] $filename
INFO [2017-05-10 19:40:48] outfile
INFO [2017-05-10 19:40:48] 
INFO [2017-05-10 19:40:48] $height
INFO [2017-05-10 19:40:48] [1] 1000
INFO [2017-05-10 19:40:48] 
INFO [2017-05-10 19:40:48] $width
INFO [2017-05-10 19:40:48] [1] 1000
INFO [2017-05-10 19:40:48] 
INFO [2017-05-10 19:40:48] $fill
INFO [2017-05-10 19:40:48] rainbow(length(data))
INFO [2017-05-10 19:40:48] 
INFO [2017-05-10 19:40:48] $imagetype
INFO [2017-05-10 19:40:48] [1] "png"
INFO [2017-05-10 19:40:48] 
INFO [2017-05-10 19:40:48] $margin
INFO [2017-05-10 19:40:48] [1] 0.2
INFO [2017-05-10 19:40:48] 
INFO [2017-05-10 19:40:48] $resolution
INFO [2017-05-10 19:40:48] [1] 150
INFO [2017-05-10 19:40:48] 
INFO [2017-05-10 19:40:48] [[9]]
INFO [2017-05-10 19:40:48] 
INFO [2017-05-10 19:40:48] 
