INFO [2017-05-10 19:40:34] $x
INFO [2017-05-10 19:40:34] as.list(data)
INFO [2017-05-10 19:40:34] 
INFO [2017-05-10 19:40:34] $filename
INFO [2017-05-10 19:40:34] outfile
INFO [2017-05-10 19:40:34] 
INFO [2017-05-10 19:40:34] $height
INFO [2017-05-10 19:40:34] [1] 1000
INFO [2017-05-10 19:40:34] 
INFO [2017-05-10 19:40:34] $width
INFO [2017-05-10 19:40:34] [1] 1000
INFO [2017-05-10 19:40:34] 
INFO [2017-05-10 19:40:34] $fill
INFO [2017-05-10 19:40:34] rainbow(length(data))
INFO [2017-05-10 19:40:34] 
INFO [2017-05-10 19:40:34] $imagetype
INFO [2017-05-10 19:40:34] [1] "png"
INFO [2017-05-10 19:40:34] 
INFO [2017-05-10 19:40:34] $margin
INFO [2017-05-10 19:40:34] [1] 0.2
INFO [2017-05-10 19:40:34] 
INFO [2017-05-10 19:40:34] $resolution
INFO [2017-05-10 19:40:34] [1] 150
INFO [2017-05-10 19:40:34] 
INFO [2017-05-10 19:40:34] [[9]]
INFO [2017-05-10 19:40:34] 
INFO [2017-05-10 19:40:34] 
