INFO [2017-05-10 19:40:41] $x
INFO [2017-05-10 19:40:41] as.list(data)
INFO [2017-05-10 19:40:41] 
INFO [2017-05-10 19:40:41] $filename
INFO [2017-05-10 19:40:41] outfile
INFO [2017-05-10 19:40:41] 
INFO [2017-05-10 19:40:41] $height
INFO [2017-05-10 19:40:41] [1] 1000
INFO [2017-05-10 19:40:41] 
INFO [2017-05-10 19:40:41] $width
INFO [2017-05-10 19:40:41] [1] 1000
INFO [2017-05-10 19:40:41] 
INFO [2017-05-10 19:40:41] $fill
INFO [2017-05-10 19:40:41] rainbow(length(data))
INFO [2017-05-10 19:40:41] 
INFO [2017-05-10 19:40:41] $imagetype
INFO [2017-05-10 19:40:41] [1] "png"
INFO [2017-05-10 19:40:41] 
INFO [2017-05-10 19:40:41] $margin
INFO [2017-05-10 19:40:41] [1] 0.2
INFO [2017-05-10 19:40:41] 
INFO [2017-05-10 19:40:41] $resolution
INFO [2017-05-10 19:40:41] [1] 150
INFO [2017-05-10 19:40:41] 
INFO [2017-05-10 19:40:41] [[9]]
INFO [2017-05-10 19:40:41] 
INFO [2017-05-10 19:40:41] 
